<?xml version="1.0" encoding="UTF-8"?>
<coverage generated="1745268802175" clover="3.2.0">
  <project timestamp="1745268802175" name="All files">
    <metrics statements="151" coveredstatements="144" conditionals="114" coveredconditionals="98" methods="27" coveredmethods="26" elements="292" coveredelements="268" complexity="0" loc="151" ncloc="151" packages="1" files="5" classes="5"/>
    <file name="Reflection.ts" path="/mnt/workspace/workspace/decaf/decaf-ts/reflection/src/Reflection.ts">
      <metrics statements="70" coveredstatements="64" conditionals="49" coveredconditionals="38" methods="17" coveredmethods="16"/>
      <line num="2" count="3" type="stmt"/>
      <line num="3" count="3" type="stmt"/>
      <line num="12" count="3" type="stmt"/>
      <line num="26" count="10" type="cond" truecount="1" falsecount="0"/>
      <line num="27" count="7" type="cond" truecount="1" falsecount="0"/>
      <line num="28" count="5" type="cond" truecount="1" falsecount="0"/>
      <line num="29" count="1" type="stmt"/>
      <line num="46" count="7" type="stmt"/>
      <line num="61" count="7" type="cond" truecount="3" falsecount="1"/>
      <line num="63" count="2" type="stmt"/>
      <line num="65" count="4" type="cond" truecount="1" falsecount="0"/>
      <line num="66" count="0" type="stmt"/>
      <line num="68" count="1" type="cond" truecount="3" falsecount="0"/>
      <line num="69" count="1" type="stmt"/>
      <line num="70" count="0" type="stmt"/>
      <line num="72" count="0" type="stmt"/>
      <line num="92" count="2" type="stmt"/>
      <line num="93" count="2" type="stmt"/>
      <line num="95" count="2" type="stmt"/>
      <line num="96" count="5" type="cond" truecount="1" falsecount="0"/>
      <line num="97" count="4" type="stmt"/>
      <line num="98" count="4" type="cond" truecount="3" falsecount="0"/>
      <line num="99" count="3" type="stmt"/>
      <line num="100" count="3" type="stmt"/>
      <line num="103" count="2" type="stmt"/>
      <line num="104" count="11" type="stmt"/>
      <line num="107" count="2" type="stmt"/>
      <line num="121" count="1" type="stmt"/>
      <line num="122" count="1" type="stmt"/>
      <line num="124" count="1" type="stmt"/>
      <line num="125" count="2" type="cond" truecount="1" falsecount="0"/>
      <line num="126" count="1" type="stmt"/>
      <line num="133" count="1" type="stmt"/>
      <line num="149" count="1" type="cond" truecount="2" falsecount="1"/>
      <line num="151" count="1" type="stmt"/>
      <line num="152" count="1" type="stmt"/>
      <line num="154" count="1" type="stmt"/>
      <line num="155" count="4" type="stmt"/>
      <line num="156" count="4" type="stmt"/>
      <line num="162" count="4" type="cond" truecount="1" falsecount="0"/>
      <line num="163" count="4" type="cond" truecount="1" falsecount="0"/>
      <line num="164" count="4" type="stmt"/>
      <line num="166" count="4" type="stmt"/>
      <line num="171" count="1" type="cond" truecount="1" falsecount="1"/>
      <line num="189" count="1" type="stmt"/>
      <line num="195" count="1" type="cond" truecount="2" falsecount="1"/>
      <line num="198" count="1" type="stmt"/>
      <line num="199" count="1" type="cond" truecount="1" falsecount="1"/>
      <line num="202" count="1" type="cond" truecount="1" falsecount="1"/>
      <line num="225" count="27" type="stmt"/>
      <line num="233" count="27" type="stmt"/>
      <line num="234" count="27" type="stmt"/>
      <line num="237" count="21" type="cond" truecount="0" falsecount="1"/>
      <line num="238" count="21" type="stmt"/>
      <line num="245" count="19" type="stmt"/>
      <line num="252" count="19" type="stmt"/>
      <line num="255" count="27" type="stmt"/>
      <line num="262" count="27" type="stmt"/>
      <line num="270" count="27" type="stmt"/>
      <line num="271" count="9" type="stmt"/>
      <line num="272" count="9" type="stmt"/>
      <line num="273" count="19" type="cond" truecount="0" falsecount="1"/>
      <line num="274" count="0" type="cond" truecount="0" falsecount="1"/>
      <line num="275" count="0" type="stmt"/>
      <line num="280" count="0" type="stmt"/>
      <line num="283" count="19" type="stmt"/>
      <line num="284" count="19" type="stmt"/>
      <line num="288" count="27" type="cond" truecount="3" falsecount="0"/>
      <line num="289" count="9" type="stmt"/>
      <line num="296" count="18" type="stmt"/>
    </file>
    <file name="constants.ts" path="/mnt/workspace/workspace/decaf/decaf-ts/reflection/src/constants.ts">
      <metrics statements="2" coveredstatements="2" conditionals="2" coveredconditionals="2" methods="1" coveredmethods="1"/>
      <line num="8" count="3" type="cond" truecount="2" falsecount="0"/>
      <line num="9" count="3" type="stmt"/>
    </file>
    <file name="decorators.ts" path="/mnt/workspace/workspace/decaf/decaf-ts/reflection/src/decorators.ts">
      <metrics statements="15" coveredstatements="15" conditionals="7" coveredconditionals="7" methods="4" coveredmethods="4"/>
      <line num="1" count="3" type="stmt"/>
      <line num="14" count="3" type="stmt"/>
      <line num="15" count="4" type="stmt"/>
      <line num="20" count="4" type="cond" truecount="2" falsecount="0"/>
      <line num="21" count="2" type="stmt"/>
      <line num="22" count="2" type="cond" truecount="2" falsecount="0"/>
      <line num="23" count="1" type="stmt"/>
      <line num="30" count="1" type="stmt"/>
      <line num="44" count="3" type="stmt"/>
      <line num="47" count="3" type="stmt"/>
      <line num="52" count="3" type="stmt"/>
      <line num="53" count="6" type="cond" truecount="3" falsecount="0"/>
      <line num="54" count="2" type="stmt"/>
      <line num="55" count="2" type="stmt"/>
      <line num="57" count="4" type="stmt"/>
    </file>
    <file name="equality.ts" path="/mnt/workspace/workspace/decaf/decaf-ts/reflection/src/equality.ts">
      <metrics statements="58" coveredstatements="57" conditionals="56" coveredconditionals="51" methods="5" coveredmethods="5"/>
      <line num="12" count="3" type="stmt"/>
      <line num="18" count="93" type="cond" truecount="1" falsecount="0"/>
      <line num="20" count="36" type="cond" truecount="2" falsecount="0"/>
      <line num="22" count="57" type="cond" truecount="3" falsecount="0"/>
      <line num="23" count="56" type="cond" truecount="1" falsecount="0"/>
      <line num="26" count="55" type="cond" truecount="3" falsecount="0"/>
      <line num="29" count="54" type="cond" truecount="1" falsecount="0"/>
      <line num="32" count="45" type="cond" truecount="3" falsecount="0"/>
      <line num="34" count="4" type="cond" truecount="3" falsecount="0"/>
      <line num="35" count="3" type="stmt"/>
      <line num="39" count="41" type="cond" truecount="3" falsecount="0"/>
      <line num="40" count="3" type="stmt"/>
      <line num="43" count="38" type="cond" truecount="3" falsecount="0"/>
      <line num="44" count="3" type="cond" truecount="2" falsecount="0"/>
      <line num="48" count="35" type="cond" truecount="3" falsecount="0"/>
      <line num="49" count="7" type="cond" truecount="1" falsecount="0"/>
      <line num="50" count="5" type="stmt"/>
      <line num="51" count="10" type="cond" truecount="1" falsecount="0"/>
      <line num="53" count="3" type="stmt"/>
      <line num="57" count="28" type="cond" truecount="3" falsecount="0"/>
      <line num="58" count="3" type="cond" truecount="1" falsecount="0"/>
      <line num="59" count="2" type="stmt"/>
      <line num="60" count="4" type="cond" truecount="3" falsecount="0"/>
      <line num="61" count="1" type="stmt"/>
      <line num="63" count="1" type="stmt"/>
      <line num="67" count="25" type="cond" truecount="3" falsecount="0"/>
      <line num="68" count="3" type="cond" truecount="1" falsecount="0"/>
      <line num="69" count="2" type="stmt"/>
      <line num="70" count="6" type="cond" truecount="1" falsecount="0"/>
      <line num="72" count="1" type="stmt"/>
      <line num="76" count="22" type="cond" truecount="3" falsecount="0"/>
      <line num="77" count="3" type="cond" truecount="1" falsecount="0"/>
      <line num="78" count="2" type="cond" truecount="0" falsecount="1"/>
      <line num="79" count="2" type="cond" truecount="0" falsecount="1"/>
      <line num="81" count="2" type="stmt"/>
      <line num="82" count="2" type="stmt"/>
      <line num="84" count="2" type="stmt"/>
      <line num="85" count="21" type="cond" truecount="1" falsecount="0"/>
      <line num="87" count="1" type="stmt"/>
      <line num="91" count="28" type="stmt"/>
      <line num="92" count="29" type="stmt"/>
      <line num="94" count="19" type="cond" truecount="1" falsecount="0"/>
      <line num="96" count="18" type="stmt"/>
      <line num="97" count="23" type="cond" truecount="0" falsecount="1"/>
      <line num="98" count="23" type="cond" truecount="1" falsecount="0"/>
      <line num="105" count="6" type="stmt"/>
      <line num="109" count="12" type="stmt"/>
      <line num="110" count="4" type="stmt"/>
      <line num="112" count="12" type="stmt"/>
      <line num="113" count="4" type="stmt"/>
      <line num="116" count="12" type="cond" truecount="0" falsecount="1"/>
      <line num="118" count="12" type="stmt"/>
      <line num="119" count="4" type="cond" truecount="1" falsecount="0"/>
      <line num="120" count="2" type="cond" truecount="0" falsecount="1"/>
      <line num="127" count="0" type="stmt"/>
      <line num="131" count="10" type="cond" truecount="1" falsecount="0"/>
      <line num="132" count="1" type="stmt"/>
      <line num="135" count="9" type="stmt"/>
    </file>
    <file name="index.ts" path="/mnt/workspace/workspace/decaf/decaf-ts/reflection/src/index.ts">
      <metrics statements="6" coveredstatements="6" conditionals="0" coveredconditionals="0" methods="0" coveredmethods="0"/>
      <line num="1" count="3" type="stmt"/>
      <line num="2" count="3" type="stmt"/>
      <line num="3" count="3" type="stmt"/>
      <line num="4" count="3" type="stmt"/>
      <line num="5" count="3" type="stmt"/>
      <line num="33" count="3" type="stmt"/>
    </file>
  </project>
</coverage>
