{"/mnt/workspace/workspace/decaf/decaf-ts/reflection/src/Reflection.ts": {"path":"/mnt/workspace/workspace/decaf/decaf-ts/reflection/src/Reflection.ts","statementMap":{"0":{"start":{"line":2,"column":0},"end":{"line":2,"column":45}},"1":{"start":{"line":3,"column":0},"end":{"line":3,"column":37}},"2":{"start":{"line":26,"column":4},"end":{"line":26,"column":65}},"3":{"start":{"line":26,"column":53},"end":{"line":26,"column":65}},"4":{"start":{"line":27,"column":4},"end":{"line":27,"column":51}},"5":{"start":{"line":27,"column":38},"end":{"line":27,"column":51}},"6":{"start":{"line":28,"column":4},"end":{"line":28,"column":48}},"7":{"start":{"line":28,"column":35},"end":{"line":28,"column":48}},"8":{"start":{"line":29,"column":4},"end":{"line":33,"column":6}},"9":{"start":{"line":46,"column":4},"end":{"line":46,"column":66}},"10":{"start":{"line":46,"column":39},"end":{"line":46,"column":64}},"11":{"start":{"line":61,"column":4},"end":{"line":73,"column":5}},"12":{"start":{"line":63,"column":8},"end":{"line":63,"column":44}},"13":{"start":{"line":65,"column":8},"end":{"line":65,"column":77}},"14":{"start":{"line":65,"column":34},"end":{"line":65,"column":77}},"15":{"start":{"line":66,"column":8},"end":{"line":66,"column":20}},"16":{"start":{"line":68,"column":8},"end":{"line":69,"column":51}},"17":{"start":{"line":69,"column":10},"end":{"line":69,"column":51}},"18":{"start":{"line":70,"column":8},"end":{"line":70,"column":20}},"19":{"start":{"line":72,"column":8},"end":{"line":72,"column":20}},"20":{"start":{"line":92,"column":21},"end":{"line":92,"column":38}},"21":{"start":{"line":93,"column":40},"end":{"line":93,"column":43}},"22":{"start":{"line":95,"column":21},"end":{"line":101,"column":5}},"23":{"start":{"line":96,"column":6},"end":{"line":96,"column":29}},"24":{"start":{"line":96,"column":22},"end":{"line":96,"column":29}},"25":{"start":{"line":97,"column":24},"end":{"line":97,"column":51}},"26":{"start":{"line":98,"column":6},"end":{"line":98,"column":70}},"27":{"start":{"line":98,"column":63},"end":{"line":98,"column":70}},"28":{"start":{"line":99,"column":6},"end":{"line":99,"column":23}},"29":{"start":{"line":100,"column":6},"end":{"line":100,"column":18}},"30":{"start":{"line":103,"column":4},"end":{"line":105,"column":25}},"31":{"start":{"line":104,"column":6},"end":{"line":104,"column":77}},"32":{"start":{"line":104,"column":57},"end":{"line":104,"column":75}},"33":{"start":{"line":107,"column":4},"end":{"line":107,"column":32}},"34":{"start":{"line":121,"column":27},"end":{"line":121,"column":73}},"35":{"start":{"line":122,"column":54},"end":{"line":122,"column":56}},"36":{"start":{"line":124,"column":4},"end":{"line":131,"column":5}},"37":{"start":{"line":125,"column":6},"end":{"line":130,"column":7}},"38":{"start":{"line":126,"column":8},"end":{"line":129,"column":11}},"39":{"start":{"line":133,"column":4},"end":{"line":133,"column":18}},"40":{"start":{"line":149,"column":4},"end":{"line":149,"column":61}},"41":{"start":{"line":149,"column":44},"end":{"line":149,"column":61}},"42":{"start":{"line":151,"column":56},"end":{"line":151,"column":58}},"43":{"start":{"line":152,"column":23},"end":{"line":152,"column":56}},"44":{"start":{"line":154,"column":4},"end":{"line":169,"column":5}},"45":{"start":{"line":155,"column":6},"end":{"line":168,"column":7}},"46":{"start":{"line":155,"column":19},"end":{"line":155,"column":20}},"47":{"start":{"line":156,"column":27},"end":{"line":160,"column":null}},"48":{"start":{"line":162,"column":8},"end":{"line":167,"column":9}},"49":{"start":{"line":163,"column":10},"end":{"line":165,"column":11}},"50":{"start":{"line":164,"column":12},"end":{"line":164,"column":33}},"51":{"start":{"line":166,"column":10},"end":{"line":166,"column":57}},"52":{"start":{"line":171,"column":4},"end":{"line":171,"column":63}},"53":{"start":{"line":189,"column":6},"end":{"line":193,"column":null}},"54":{"start":{"line":195,"column":4},"end":{"line":195,"column":54}},"55":{"start":{"line":195,"column":47},"end":{"line":195,"column":54}},"56":{"start":{"line":198,"column":6},"end":{"line":198,"column":56}},"57":{"start":{"line":199,"column":17},"end":{"line":201,"column":17}},"58":{"start":{"line":202,"column":4},"end":{"line":202,"column":50}},"59":{"start":{"line":225,"column":42},"end":{"line":259,"column":5}},"60":{"start":{"line":233,"column":29},"end":{"line":233,"column":74}},"61":{"start":{"line":234,"column":46},"end":{"line":253,"column":29}},"62":{"start":{"line":237,"column":10},"end":{"line":237,"column":77}},"63":{"start":{"line":237,"column":26},"end":{"line":237,"column":77}},"64":{"start":{"line":238,"column":10},"end":{"line":241,"column":12}},"65":{"start":{"line":245,"column":29},"end":{"line":251,"column":12}},"66":{"start":{"line":252,"column":10},"end":{"line":252,"column":43}},"67":{"start":{"line":255,"column":6},"end":{"line":258,"column":8}},"68":{"start":{"line":262,"column":6},"end":{"line":267,"column":null}},"69":{"start":{"line":270,"column":17},"end":{"line":286,"column":5}},"70":{"start":{"line":271,"column":55},"end":{"line":271,"column":57}},"71":{"start":{"line":272,"column":6},"end":{"line":285,"column":9}},"72":{"start":{"line":273,"column":8},"end":{"line":281,"column":9}},"73":{"start":{"line":274,"column":10},"end":{"line":279,"column":14}},"74":{"start":{"line":275,"column":12},"end":{"line":279,"column":14}},"75":{"start":{"line":280,"column":10},"end":{"line":280,"column":23}},"76":{"start":{"line":283,"column":8},"end":{"line":283,"column":69}},"77":{"start":{"line":284,"column":8},"end":{"line":284,"column":20}},"78":{"start":{"line":288,"column":4},"end":{"line":293,"column":5}},"79":{"start":{"line":289,"column":6},"end":{"line":292,"column":8}},"80":{"start":{"line":296,"column":4},"end":{"line":303,"column":6}},"81":{"start":{"line":12,"column":0},"end":{"line":12,"column":13}}},"fnMap":{"0":{"name":"(anonymous_0)","decl":{"start":{"line":13,"column":2},"end":{"line":13,"column":25}},"loc":{"start":{"line":13,"column":2},"end":{"line":13,"column":26}}},"1":{"name":"(anonymous_1)","decl":{"start":{"line":25,"column":10},"end":{"line":25,"column":16}},"loc":{"start":{"line":25,"column":63},"end":{"line":34,"column":3}}},"2":{"name":"(anonymous_2)","decl":{"start":{"line":45,"column":2},"end":{"line":45,"column":8}},"loc":{"start":{"line":45,"column":59},"end":{"line":47,"column":3}}},"3":{"name":"(anonymous_3)","decl":{"start":{"line":46,"column":32},"end":{"line":46,"column":33}},"loc":{"start":{"line":46,"column":39},"end":{"line":46,"column":64}}},"4":{"name":"(anonymous_4)","decl":{"start":{"line":57,"column":2},"end":{"line":57,"column":8}},"loc":{"start":{"line":59,"column":47},"end":{"line":74,"column":3}}},"5":{"name":"(anonymous_5)","decl":{"start":{"line":87,"column":2},"end":{"line":87,"column":8}},"loc":{"start":{"line":90,"column":29},"end":{"line":108,"column":3}}},"6":{"name":"(anonymous_6)","decl":{"start":{"line":95,"column":21},"end":{"line":95,"column":null}},"loc":{"start":{"line":95,"column":21},"end":{"line":101,"column":5}}},"7":{"name":"(anonymous_7)","decl":{"start":{"line":104,"column":47},"end":{"line":104,"column":48}},"loc":{"start":{"line":104,"column":57},"end":{"line":104,"column":75}}},"8":{"name":"(anonymous_8)","decl":{"start":{"line":117,"column":2},"end":{"line":117,"column":8}},"loc":{"start":{"line":119,"column":18},"end":{"line":134,"column":3}}},"9":{"name":"(anonymous_9)","decl":{"start":{"line":145,"column":2},"end":{"line":145,"column":8}},"loc":{"start":{"line":147,"column":25},"end":{"line":172,"column":3}}},"10":{"name":"(anonymous_10)","decl":{"start":{"line":184,"column":2},"end":{"line":184,"column":8}},"loc":{"start":{"line":186,"column":28},"end":{"line":203,"column":3}}},"11":{"name":"(anonymous_11)","decl":{"start":{"line":217,"column":2},"end":{"line":217,"column":8}},"loc":{"start":{"line":223,"column":37},"end":{"line":304,"column":3}}},"12":{"name":"(anonymous_12)","decl":{"start":{"line":225,"column":42},"end":{"line":225,"column":null}},"loc":{"start":{"line":230,"column":39},"end":{"line":259,"column":5}}},"13":{"name":"(anonymous_13)","decl":{"start":{"line":236,"column":16},"end":{"line":236,"column":17}},"loc":{"start":{"line":236,"column":24},"end":{"line":242,"column":9}}},"14":{"name":"(anonymous_14)","decl":{"start":{"line":243,"column":16},"end":{"line":243,"column":17}},"loc":{"start":{"line":243,"column":32},"end":{"line":253,"column":9}}},"15":{"name":"(anonymous_15)","decl":{"start":{"line":270,"column":17},"end":{"line":270,"column":27}},"loc":{"start":{"line":270,"column":53},"end":{"line":286,"column":5}}},"16":{"name":"(anonymous_16)","decl":{"start":{"line":272,"column":26},"end":{"line":272,"column":27}},"loc":{"start":{"line":272,"column":54},"end":{"line":285,"column":7}}}},"branchMap":{"0":{"loc":{"start":{"line":26,"column":4},"end":{"line":26,"column":65}},"type":"if","locations":[{"start":{"line":26,"column":4},"end":{"line":26,"column":65}}]},"1":{"loc":{"start":{"line":27,"column":4},"end":{"line":27,"column":51}},"type":"if","locations":[{"start":{"line":27,"column":4},"end":{"line":27,"column":51}}]},"2":{"loc":{"start":{"line":28,"column":4},"end":{"line":28,"column":48}},"type":"if","locations":[{"start":{"line":28,"column":4},"end":{"line":28,"column":48}}]},"3":{"loc":{"start":{"line":30,"column":7},"end":{"line":32,"column":34}},"type":"binary-expr","locations":[{"start":{"line":30,"column":7},"end":{"line":30,"column":35}},{"start":{"line":31,"column":7},"end":{"line":32,"column":34}}]},"4":{"loc":{"start":{"line":61,"column":4},"end":{"line":73,"column":5}},"type":"switch","locations":[{"start":{"line":62,"column":6},"end":{"line":63,"column":44}},{"start":{"line":64,"column":6},"end":{"line":66,"column":20}},{"start":{"line":67,"column":6},"end":{"line":70,"column":20}},{"start":{"line":71,"column":6},"end":{"line":72,"column":20}}]},"5":{"loc":{"start":{"line":65,"column":8},"end":{"line":65,"column":77}},"type":"if","locations":[{"start":{"line":65,"column":8},"end":{"line":65,"column":77}}]},"6":{"loc":{"start":{"line":68,"column":8},"end":{"line":69,"column":51}},"type":"if","locations":[{"start":{"line":68,"column":8},"end":{"line":69,"column":51}}]},"7":{"loc":{"start":{"line":68,"column":12},"end":{"line":68,"column":49}},"type":"binary-expr","locations":[{"start":{"line":68,"column":12},"end":{"line":68,"column":22}},{"start":{"line":68,"column":26},"end":{"line":68,"column":49}}]},"8":{"loc":{"start":{"line":89,"column":4},"end":{"line":89,"column":29}},"type":"default-arg","locations":[{"start":{"line":89,"column":25},"end":{"line":89,"column":29}}]},"9":{"loc":{"start":{"line":90,"column":4},"end":{"line":90,"column":29}},"type":"default-arg","locations":[{"start":{"line":90,"column":21},"end":{"line":90,"column":29}}]},"10":{"loc":{"start":{"line":96,"column":6},"end":{"line":96,"column":29}},"type":"if","locations":[{"start":{"line":96,"column":6},"end":{"line":96,"column":29}}]},"11":{"loc":{"start":{"line":98,"column":6},"end":{"line":98,"column":70}},"type":"if","locations":[{"start":{"line":98,"column":6},"end":{"line":98,"column":70}}]},"12":{"loc":{"start":{"line":98,"column":10},"end":{"line":98,"column":61}},"type":"binary-expr","locations":[{"start":{"line":98,"column":10},"end":{"line":98,"column":20}},{"start":{"line":98,"column":24},"end":{"line":98,"column":61}}]},"13":{"loc":{"start":{"line":125,"column":6},"end":{"line":130,"column":7}},"type":"if","locations":[{"start":{"line":125,"column":6},"end":{"line":130,"column":7}}]},"14":{"loc":{"start":{"line":149,"column":4},"end":{"line":149,"column":61}},"type":"if","locations":[{"start":{"line":149,"column":4},"end":{"line":149,"column":61}}]},"15":{"loc":{"start":{"line":149,"column":8},"end":{"line":149,"column":42}},"type":"binary-expr","locations":[{"start":{"line":149,"column":8},"end":{"line":149,"column":17}},{"start":{"line":149,"column":21},"end":{"line":149,"column":42}}]},"16":{"loc":{"start":{"line":162,"column":8},"end":{"line":167,"column":9}},"type":"if","locations":[{"start":{"line":162,"column":8},"end":{"line":167,"column":9}}]},"17":{"loc":{"start":{"line":163,"column":10},"end":{"line":165,"column":11}},"type":"if","locations":[{"start":{"line":163,"column":10},"end":{"line":165,"column":11}}]},"18":{"loc":{"start":{"line":171,"column":11},"end":{"line":171,"column":62}},"type":"cond-expr","locations":[{"start":{"line":171,"column":44},"end":{"line":171,"column":50}},{"start":{"line":171,"column":53},"end":{"line":171,"column":62}}]},"19":{"loc":{"start":{"line":195,"column":4},"end":{"line":195,"column":54}},"type":"if","locations":[{"start":{"line":195,"column":4},"end":{"line":195,"column":54}}]},"20":{"loc":{"start":{"line":195,"column":8},"end":{"line":195,"column":45}},"type":"binary-expr","locations":[{"start":{"line":195,"column":8},"end":{"line":195,"column":19}},{"start":{"line":195,"column":23},"end":{"line":195,"column":45}}]},"21":{"loc":{"start":{"line":199,"column":17},"end":{"line":201,"column":17}},"type":"cond-expr","locations":[{"start":{"line":200,"column":9},"end":{"line":200,"column":44}},{"start":{"line":201,"column":8},"end":{"line":201,"column":17}}]},"22":{"loc":{"start":{"line":202,"column":11},"end":{"line":202,"column":49}},"type":"cond-expr","locations":[{"start":{"line":202,"column":33},"end":{"line":202,"column":37}},{"start":{"line":202,"column":40},"end":{"line":202,"column":49}}]},"23":{"loc":{"start":{"line":221,"column":4},"end":{"line":221,"column":31}},"type":"default-arg","locations":[{"start":{"line":221,"column":26},"end":{"line":221,"column":31}}]},"24":{"loc":{"start":{"line":222,"column":4},"end":{"line":222,"column":20}},"type":"default-arg","locations":[{"start":{"line":222,"column":16},"end":{"line":222,"column":20}}]},"25":{"loc":{"start":{"line":229,"column":6},"end":{"line":229,"column":33}},"type":"default-arg","locations":[{"start":{"line":229,"column":28},"end":{"line":229,"column":33}}]},"26":{"loc":{"start":{"line":237,"column":10},"end":{"line":237,"column":77}},"type":"if","locations":[{"start":{"line":237,"column":10},"end":{"line":237,"column":77}}]},"27":{"loc":{"start":{"line":239,"column":12},"end":{"line":240,"column":55}},"type":"binary-expr","locations":[{"start":{"line":239,"column":12},"end":{"line":239,"column":39}},{"start":{"line":240,"column":12},"end":{"line":240,"column":55}}]},"28":{"loc":{"start":{"line":247,"column":14},"end":{"line":249,"column":21}},"type":"cond-expr","locations":[{"start":{"line":248,"column":18},"end":{"line":248,"column":56}},{"start":{"line":249,"column":18},"end":{"line":249,"column":21}}]},"29":{"loc":{"start":{"line":253,"column":11},"end":{"line":253,"column":28}},"type":"binary-expr","locations":[{"start":{"line":253,"column":11},"end":{"line":253,"column":22}},{"start":{"line":253,"column":26},"end":{"line":253,"column":28}}]},"30":{"loc":{"start":{"line":273,"column":8},"end":{"line":281,"column":9}},"type":"if","locations":[{"start":{"line":273,"column":8},"end":{"line":281,"column":9}}]},"31":{"loc":{"start":{"line":274,"column":10},"end":{"line":279,"column":14}},"type":"if","locations":[{"start":{"line":274,"column":10},"end":{"line":279,"column":14}}]},"32":{"loc":{"start":{"line":288,"column":4},"end":{"line":293,"column":5}},"type":"if","locations":[{"start":{"line":288,"column":4},"end":{"line":293,"column":5}}]},"33":{"loc":{"start":{"line":288,"column":8},"end":{"line":288,"column":72}},"type":"binary-expr","locations":[{"start":{"line":288,"column":8},"end":{"line":288,"column":18}},{"start":{"line":288,"column":22},"end":{"line":288,"column":72}}]}},"s":{"0":3,"1":3,"2":10,"3":3,"4":7,"5":2,"6":5,"7":4,"8":1,"9":4,"10":7,"11":7,"12":2,"13":4,"14":4,"15":0,"16":1,"17":1,"18":0,"19":0,"20":2,"21":2,"22":2,"23":5,"24":1,"25":4,"26":4,"27":1,"28":3,"29":3,"30":2,"31":5,"32":11,"33":2,"34":1,"35":1,"36":1,"37":2,"38":1,"39":1,"40":1,"41":0,"42":1,"43":1,"44":1,"45":4,"46":4,"47":4,"48":4,"49":4,"50":4,"51":4,"52":1,"53":1,"54":1,"55":0,"56":1,"57":1,"58":1,"59":27,"60":27,"61":27,"62":21,"63":0,"64":21,"65":19,"66":19,"67":27,"68":27,"69":27,"70":9,"71":9,"72":19,"73":0,"74":0,"75":0,"76":19,"77":19,"78":27,"79":9,"80":18,"81":3},"f":{"0":0,"1":10,"2":4,"3":7,"4":7,"5":2,"6":5,"7":11,"8":1,"9":1,"10":1,"11":27,"12":27,"13":21,"14":19,"15":9,"16":19},"b":{"0":[3],"1":[2],"2":[4],"3":[1,1],"4":[2,4,1,0],"5":[4],"6":[1],"7":[1,1],"8":[0],"9":[2],"10":[1],"11":[1],"12":[4,4],"13":[1],"14":[0],"15":[1,1],"16":[4],"17":[4],"18":[1,0],"19":[0],"20":[1,1],"21":[1,0],"22":[1,0],"23":[4],"24":[9],"25":[0],"26":[0],"27":[21,12],"28":[10,9],"29":[27,9],"30":[0],"31":[0],"32":[9],"33":[27,27]}}
,"/mnt/workspace/workspace/decaf/decaf-ts/reflection/src/constants.ts": {"path":"/mnt/workspace/workspace/decaf/decaf-ts/reflection/src/constants.ts","statementMap":{"0":{"start":{"line":8,"column":0},"end":{"line":8,"column":null}},"1":{"start":{"line":9,"column":2},"end":{"line":9,"column":null}}},"fnMap":{"0":{"name":"(anonymous_0)","decl":{"start":{"line":8,"column":0},"end":{"line":8,"column":12}},"loc":{"start":{"line":8,"column":26},"end":{"line":10,"column":1}}}},"branchMap":{"0":{"loc":{"start":{"line":8,"column":12},"end":{"line":8,"column":null}},"type":"binary-expr","locations":[{"start":{"line":8,"column":12},"end":{"line":8,"column":26}},{"start":{"line":8,"column":26},"end":{"line":8,"column":null}}]}},"s":{"0":3,"1":3},"f":{"0":3},"b":{"0":[3,3]}}
,"/mnt/workspace/workspace/decaf/decaf-ts/reflection/src/decorators.ts": {"path":"/mnt/workspace/workspace/decaf/decaf-ts/reflection/src/decorators.ts","statementMap":{"0":{"start":{"line":14,"column":0},"end":{"line":14,"column":16}},"1":{"start":{"line":44,"column":0},"end":{"line":44,"column":16}},"2":{"start":{"line":1,"column":0},"end":{"line":1,"column":26}},"3":{"start":{"line":15,"column":2},"end":{"line":32,"column":4}},"4":{"start":{"line":20,"column":4},"end":{"line":31,"column":5}},"5":{"start":{"line":21,"column":6},"end":{"line":21,"column":69}},"6":{"start":{"line":22,"column":11},"end":{"line":31,"column":5}},"7":{"start":{"line":23,"column":6},"end":{"line":28,"column":8}},"8":{"start":{"line":30,"column":6},"end":{"line":30,"column":49}},"9":{"start":{"line":47,"column":2},"end":{"line":63,"column":4}},"10":{"start":{"line":52,"column":4},"end":{"line":62,"column":5}},"11":{"start":{"line":53,"column":6},"end":{"line":56,"column":7}},"12":{"start":{"line":54,"column":9},"end":{"line":54,"column":46}},"13":{"start":{"line":55,"column":8},"end":{"line":55,"column":17}},"14":{"start":{"line":57,"column":7},"end":{"line":61,"column":8}}},"fnMap":{"0":{"name":"metadata","decl":{"start":{"line":14,"column":16},"end":{"line":14,"column":24}},"loc":{"start":{"line":14,"column":49},"end":{"line":33,"column":1}}},"1":{"name":"(anonymous_1)","decl":{"start":{"line":15,"column":9},"end":{"line":15,"column":null}},"loc":{"start":{"line":19,"column":6},"end":{"line":32,"column":3}}},"2":{"name":"apply","decl":{"start":{"line":44,"column":16},"end":{"line":44,"column":21}},"loc":{"start":{"line":45,"column":76},"end":{"line":64,"column":1}}},"3":{"name":"(anonymous_3)","decl":{"start":{"line":47,"column":9},"end":{"line":47,"column":null}},"loc":{"start":{"line":51,"column":6},"end":{"line":63,"column":3}}}},"branchMap":{"0":{"loc":{"start":{"line":20,"column":4},"end":{"line":31,"column":5}},"type":"if","locations":[{"start":{"line":20,"column":4},"end":{"line":31,"column":5}},{"start":{"line":22,"column":11},"end":{"line":31,"column":5}}]},"1":{"loc":{"start":{"line":22,"column":11},"end":{"line":31,"column":5}},"type":"if","locations":[{"start":{"line":22,"column":11},"end":{"line":31,"column":5}},{"start":{"line":29,"column":11},"end":{"line":31,"column":5}}]},"2":{"loc":{"start":{"line":53,"column":6},"end":{"line":56,"column":7}},"type":"if","locations":[{"start":{"line":53,"column":6},"end":{"line":56,"column":7}}]},"3":{"loc":{"start":{"line":53,"column":10},"end":{"line":53,"column":51}},"type":"binary-expr","locations":[{"start":{"line":53,"column":10},"end":{"line":53,"column":36}},{"start":{"line":53,"column":40},"end":{"line":53,"column":51}}]}},"s":{"0":3,"1":3,"2":3,"3":4,"4":4,"5":2,"6":2,"7":1,"8":1,"9":3,"10":3,"11":6,"12":2,"13":2,"14":4},"f":{"0":4,"1":4,"2":3,"3":3},"b":{"0":[2,2],"1":[1,1],"2":[2],"3":[6,2]}}
,"/mnt/workspace/workspace/decaf/decaf-ts/reflection/src/equality.ts": {"path":"/mnt/workspace/workspace/decaf/decaf-ts/reflection/src/equality.ts","statementMap":{"0":{"start":{"line":12,"column":0},"end":{"line":12,"column":16}},"1":{"start":{"line":18,"column":2},"end":{"line":21,"column":3}},"2":{"start":{"line":20,"column":4},"end":{"line":20,"column":62}},"3":{"start":{"line":22,"column":2},"end":{"line":22,"column":45}},"4":{"start":{"line":22,"column":30},"end":{"line":22,"column":45}},"5":{"start":{"line":23,"column":2},"end":{"line":23,"column":42}},"6":{"start":{"line":23,"column":29},"end":{"line":23,"column":42}},"7":{"start":{"line":26,"column":2},"end":{"line":26,"column":54}},"8":{"start":{"line":26,"column":42},"end":{"line":26,"column":54}},"9":{"start":{"line":29,"column":2},"end":{"line":29,"column":44}},"10":{"start":{"line":29,"column":29},"end":{"line":29,"column":44}},"11":{"start":{"line":32,"column":2},"end":{"line":36,"column":3}},"12":{"start":{"line":34,"column":4},"end":{"line":34,"column":62}},"13":{"start":{"line":34,"column":50},"end":{"line":34,"column":62}},"14":{"start":{"line":35,"column":4},"end":{"line":35,"column":39}},"15":{"start":{"line":39,"column":2},"end":{"line":40,"column":41}},"16":{"start":{"line":40,"column":4},"end":{"line":40,"column":41}},"17":{"start":{"line":43,"column":2},"end":{"line":45,"column":3}},"18":{"start":{"line":44,"column":4},"end":{"line":44,"column":56}},"19":{"start":{"line":48,"column":2},"end":{"line":54,"column":3}},"20":{"start":{"line":49,"column":4},"end":{"line":49,"column":44}},"21":{"start":{"line":49,"column":31},"end":{"line":49,"column":44}},"22":{"start":{"line":50,"column":4},"end":{"line":52,"column":5}},"23":{"start":{"line":50,"column":17},"end":{"line":50,"column":18}},"24":{"start":{"line":51,"column":6},"end":{"line":51,"column":63}},"25":{"start":{"line":51,"column":50},"end":{"line":51,"column":63}},"26":{"start":{"line":53,"column":4},"end":{"line":53,"column":16}},"27":{"start":{"line":57,"column":2},"end":{"line":64,"column":3}},"28":{"start":{"line":58,"column":4},"end":{"line":58,"column":40}},"29":{"start":{"line":58,"column":27},"end":{"line":58,"column":40}},"30":{"start":{"line":59,"column":4},"end":{"line":62,"column":5}},"31":{"start":{"line":60,"column":6},"end":{"line":61,"column":21}},"32":{"start":{"line":61,"column":8},"end":{"line":61,"column":21}},"33":{"start":{"line":63,"column":4},"end":{"line":63,"column":16}},"34":{"start":{"line":67,"column":2},"end":{"line":73,"column":3}},"35":{"start":{"line":68,"column":4},"end":{"line":68,"column":40}},"36":{"start":{"line":68,"column":27},"end":{"line":68,"column":40}},"37":{"start":{"line":69,"column":4},"end":{"line":71,"column":5}},"38":{"start":{"line":70,"column":6},"end":{"line":70,"column":37}},"39":{"start":{"line":70,"column":24},"end":{"line":70,"column":37}},"40":{"start":{"line":72,"column":4},"end":{"line":72,"column":16}},"41":{"start":{"line":76,"column":2},"end":{"line":88,"column":3}},"42":{"start":{"line":77,"column":4},"end":{"line":77,"column":52}},"43":{"start":{"line":77,"column":39},"end":{"line":77,"column":52}},"44":{"start":{"line":78,"column":4},"end":{"line":78,"column":52}},"45":{"start":{"line":78,"column":39},"end":{"line":78,"column":52}},"46":{"start":{"line":79,"column":4},"end":{"line":79,"column":66}},"47":{"start":{"line":79,"column":53},"end":{"line":79,"column":66}},"48":{"start":{"line":81,"column":19},"end":{"line":81,"column":71}},"49":{"start":{"line":82,"column":19},"end":{"line":82,"column":71}},"50":{"start":{"line":84,"column":4},"end":{"line":86,"column":5}},"51":{"start":{"line":84,"column":17},"end":{"line":84,"column":18}},"52":{"start":{"line":85,"column":6},"end":{"line":85,"column":48}},"53":{"start":{"line":85,"column":35},"end":{"line":85,"column":48}},"54":{"start":{"line":87,"column":4},"end":{"line":87,"column":16}},"55":{"start":{"line":91,"column":16},"end":{"line":91,"column":72}},"56":{"start":{"line":91,"column":45},"end":{"line":91,"column":71}},"57":{"start":{"line":92,"column":16},"end":{"line":92,"column":72}},"58":{"start":{"line":92,"column":45},"end":{"line":92,"column":71}},"59":{"start":{"line":94,"column":2},"end":{"line":94,"column":50}},"60":{"start":{"line":94,"column":37},"end":{"line":94,"column":50}},"61":{"start":{"line":96,"column":2},"end":{"line":106,"column":3}},"62":{"start":{"line":97,"column":4},"end":{"line":97,"column":43}},"63":{"start":{"line":97,"column":30},"end":{"line":97,"column":43}},"64":{"start":{"line":98,"column":4},"end":{"line":105,"column":19}},"65":{"start":{"line":105,"column":6},"end":{"line":105,"column":19}},"66":{"start":{"line":109,"column":19},"end":{"line":110,"column":null}},"67":{"start":{"line":110,"column":11},"end":{"line":110,"column":48}},"68":{"start":{"line":112,"column":19},"end":{"line":113,"column":null}},"69":{"start":{"line":113,"column":11},"end":{"line":113,"column":48}},"70":{"start":{"line":116,"column":2},"end":{"line":116,"column":56}},"71":{"start":{"line":116,"column":43},"end":{"line":116,"column":56}},"72":{"start":{"line":118,"column":2},"end":{"line":128,"column":3}},"73":{"start":{"line":119,"column":4},"end":{"line":119,"column":46}},"74":{"start":{"line":119,"column":33},"end":{"line":119,"column":46}},"75":{"start":{"line":120,"column":4},"end":{"line":127,"column":19}},"76":{"start":{"line":127,"column":6},"end":{"line":127,"column":19}},"77":{"start":{"line":131,"column":2},"end":{"line":133,"column":3}},"78":{"start":{"line":132,"column":4},"end":{"line":132,"column":17}},"79":{"start":{"line":135,"column":2},"end":{"line":135,"column":14}}},"fnMap":{"0":{"name":"isEqual","decl":{"start":{"line":12,"column":16},"end":{"line":12,"column":23}},"loc":{"start":{"line":15,"column":28},"end":{"line":136,"column":1}}},"1":{"name":"(anonymous_1)","decl":{"start":{"line":91,"column":38},"end":{"line":91,"column":39}},"loc":{"start":{"line":91,"column":45},"end":{"line":91,"column":71}}},"2":{"name":"(anonymous_2)","decl":{"start":{"line":92,"column":38},"end":{"line":92,"column":39}},"loc":{"start":{"line":92,"column":45},"end":{"line":92,"column":71}}},"3":{"name":"(anonymous_3)","decl":{"start":{"line":110,"column":4},"end":{"line":110,"column":5}},"loc":{"start":{"line":110,"column":11},"end":{"line":110,"column":48}}},"4":{"name":"(anonymous_4)","decl":{"start":{"line":113,"column":4},"end":{"line":113,"column":5}},"loc":{"start":{"line":113,"column":11},"end":{"line":113,"column":48}}}},"branchMap":{"0":{"loc":{"start":{"line":18,"column":2},"end":{"line":21,"column":3}},"type":"if","locations":[{"start":{"line":18,"column":2},"end":{"line":21,"column":3}}]},"1":{"loc":{"start":{"line":20,"column":11},"end":{"line":20,"column":61}},"type":"binary-expr","locations":[{"start":{"line":20,"column":11},"end":{"line":20,"column":18}},{"start":{"line":20,"column":22},"end":{"line":20,"column":61}}]},"2":{"loc":{"start":{"line":22,"column":2},"end":{"line":22,"column":45}},"type":"if","locations":[{"start":{"line":22,"column":2},"end":{"line":22,"column":45}}]},"3":{"loc":{"start":{"line":22,"column":6},"end":{"line":22,"column":28}},"type":"binary-expr","locations":[{"start":{"line":22,"column":6},"end":{"line":22,"column":15}},{"start":{"line":22,"column":19},"end":{"line":22,"column":28}}]},"4":{"loc":{"start":{"line":23,"column":2},"end":{"line":23,"column":42}},"type":"if","locations":[{"start":{"line":23,"column":2},"end":{"line":23,"column":42}}]},"5":{"loc":{"start":{"line":26,"column":2},"end":{"line":26,"column":54}},"type":"if","locations":[{"start":{"line":26,"column":2},"end":{"line":26,"column":54}}]},"6":{"loc":{"start":{"line":26,"column":6},"end":{"line":26,"column":40}},"type":"binary-expr","locations":[{"start":{"line":26,"column":6},"end":{"line":26,"column":21}},{"start":{"line":26,"column":25},"end":{"line":26,"column":40}}]},"7":{"loc":{"start":{"line":29,"column":2},"end":{"line":29,"column":44}},"type":"if","locations":[{"start":{"line":29,"column":2},"end":{"line":29,"column":44}}]},"8":{"loc":{"start":{"line":32,"column":2},"end":{"line":36,"column":3}},"type":"if","locations":[{"start":{"line":32,"column":2},"end":{"line":36,"column":3}}]},"9":{"loc":{"start":{"line":32,"column":6},"end":{"line":32,"column":44}},"type":"binary-expr","locations":[{"start":{"line":32,"column":6},"end":{"line":32,"column":23}},{"start":{"line":32,"column":27},"end":{"line":32,"column":44}}]},"10":{"loc":{"start":{"line":34,"column":4},"end":{"line":34,"column":62}},"type":"if","locations":[{"start":{"line":34,"column":4},"end":{"line":34,"column":62}}]},"11":{"loc":{"start":{"line":34,"column":8},"end":{"line":34,"column":48}},"type":"binary-expr","locations":[{"start":{"line":34,"column":8},"end":{"line":34,"column":26}},{"start":{"line":34,"column":30},"end":{"line":34,"column":48}}]},"12":{"loc":{"start":{"line":39,"column":2},"end":{"line":40,"column":41}},"type":"if","locations":[{"start":{"line":39,"column":2},"end":{"line":40,"column":41}}]},"13":{"loc":{"start":{"line":39,"column":6},"end":{"line":39,"column":48}},"type":"binary-expr","locations":[{"start":{"line":39,"column":6},"end":{"line":39,"column":25}},{"start":{"line":39,"column":29},"end":{"line":39,"column":48}}]},"14":{"loc":{"start":{"line":43,"column":2},"end":{"line":45,"column":3}},"type":"if","locations":[{"start":{"line":43,"column":2},"end":{"line":45,"column":3}}]},"15":{"loc":{"start":{"line":43,"column":6},"end":{"line":43,"column":46}},"type":"binary-expr","locations":[{"start":{"line":43,"column":6},"end":{"line":43,"column":24}},{"start":{"line":43,"column":28},"end":{"line":43,"column":46}}]},"16":{"loc":{"start":{"line":44,"column":11},"end":{"line":44,"column":55}},"type":"binary-expr","locations":[{"start":{"line":44,"column":11},"end":{"line":44,"column":28}},{"start":{"line":44,"column":32},"end":{"line":44,"column":55}}]},"17":{"loc":{"start":{"line":48,"column":2},"end":{"line":54,"column":3}},"type":"if","locations":[{"start":{"line":48,"column":2},"end":{"line":54,"column":3}}]},"18":{"loc":{"start":{"line":48,"column":6},"end":{"line":48,"column":42}},"type":"binary-expr","locations":[{"start":{"line":48,"column":6},"end":{"line":48,"column":22}},{"start":{"line":48,"column":26},"end":{"line":48,"column":42}}]},"19":{"loc":{"start":{"line":49,"column":4},"end":{"line":49,"column":44}},"type":"if","locations":[{"start":{"line":49,"column":4},"end":{"line":49,"column":44}}]},"20":{"loc":{"start":{"line":51,"column":6},"end":{"line":51,"column":63}},"type":"if","locations":[{"start":{"line":51,"column":6},"end":{"line":51,"column":63}}]},"21":{"loc":{"start":{"line":57,"column":2},"end":{"line":64,"column":3}},"type":"if","locations":[{"start":{"line":57,"column":2},"end":{"line":64,"column":3}}]},"22":{"loc":{"start":{"line":57,"column":6},"end":{"line":57,"column":42}},"type":"binary-expr","locations":[{"start":{"line":57,"column":6},"end":{"line":57,"column":22}},{"start":{"line":57,"column":26},"end":{"line":57,"column":42}}]},"23":{"loc":{"start":{"line":58,"column":4},"end":{"line":58,"column":40}},"type":"if","locations":[{"start":{"line":58,"column":4},"end":{"line":58,"column":40}}]},"24":{"loc":{"start":{"line":60,"column":6},"end":{"line":61,"column":21}},"type":"if","locations":[{"start":{"line":60,"column":6},"end":{"line":61,"column":21}}]},"25":{"loc":{"start":{"line":60,"column":10},"end":{"line":60,"column":70}},"type":"binary-expr","locations":[{"start":{"line":60,"column":10},"end":{"line":60,"column":21}},{"start":{"line":60,"column":25},"end":{"line":60,"column":70}}]},"26":{"loc":{"start":{"line":67,"column":2},"end":{"line":73,"column":3}},"type":"if","locations":[{"start":{"line":67,"column":2},"end":{"line":73,"column":3}}]},"27":{"loc":{"start":{"line":67,"column":6},"end":{"line":67,"column":42}},"type":"binary-expr","locations":[{"start":{"line":67,"column":6},"end":{"line":67,"column":22}},{"start":{"line":67,"column":26},"end":{"line":67,"column":42}}]},"28":{"loc":{"start":{"line":68,"column":4},"end":{"line":68,"column":40}},"type":"if","locations":[{"start":{"line":68,"column":4},"end":{"line":68,"column":40}}]},"29":{"loc":{"start":{"line":70,"column":6},"end":{"line":70,"column":37}},"type":"if","locations":[{"start":{"line":70,"column":6},"end":{"line":70,"column":37}}]},"30":{"loc":{"start":{"line":76,"column":2},"end":{"line":88,"column":3}},"type":"if","locations":[{"start":{"line":76,"column":2},"end":{"line":88,"column":3}}]},"31":{"loc":{"start":{"line":76,"column":6},"end":{"line":76,"column":52}},"type":"binary-expr","locations":[{"start":{"line":76,"column":6},"end":{"line":76,"column":27}},{"start":{"line":76,"column":31},"end":{"line":76,"column":52}}]},"32":{"loc":{"start":{"line":77,"column":4},"end":{"line":77,"column":52}},"type":"if","locations":[{"start":{"line":77,"column":4},"end":{"line":77,"column":52}}]},"33":{"loc":{"start":{"line":78,"column":4},"end":{"line":78,"column":52}},"type":"if","locations":[{"start":{"line":78,"column":4},"end":{"line":78,"column":52}}]},"34":{"loc":{"start":{"line":79,"column":4},"end":{"line":79,"column":66}},"type":"if","locations":[{"start":{"line":79,"column":4},"end":{"line":79,"column":66}}]},"35":{"loc":{"start":{"line":85,"column":6},"end":{"line":85,"column":48}},"type":"if","locations":[{"start":{"line":85,"column":6},"end":{"line":85,"column":48}}]},"36":{"loc":{"start":{"line":94,"column":2},"end":{"line":94,"column":50}},"type":"if","locations":[{"start":{"line":94,"column":2},"end":{"line":94,"column":50}}]},"37":{"loc":{"start":{"line":97,"column":4},"end":{"line":97,"column":43}},"type":"if","locations":[{"start":{"line":97,"column":4},"end":{"line":97,"column":43}}]},"38":{"loc":{"start":{"line":98,"column":4},"end":{"line":105,"column":19}},"type":"if","locations":[{"start":{"line":98,"column":4},"end":{"line":105,"column":19}}]},"39":{"loc":{"start":{"line":116,"column":2},"end":{"line":116,"column":56}},"type":"if","locations":[{"start":{"line":116,"column":2},"end":{"line":116,"column":56}}]},"40":{"loc":{"start":{"line":119,"column":4},"end":{"line":119,"column":46}},"type":"if","locations":[{"start":{"line":119,"column":4},"end":{"line":119,"column":46}}]},"41":{"loc":{"start":{"line":120,"column":4},"end":{"line":127,"column":19}},"type":"if","locations":[{"start":{"line":120,"column":4},"end":{"line":127,"column":19}}]},"42":{"loc":{"start":{"line":131,"column":2},"end":{"line":133,"column":3}},"type":"if","locations":[{"start":{"line":131,"column":2},"end":{"line":133,"column":3}}]}},"s":{"0":3,"1":93,"2":36,"3":57,"4":1,"5":56,"6":1,"7":55,"8":1,"9":54,"10":9,"11":45,"12":4,"13":1,"14":3,"15":41,"16":3,"17":38,"18":3,"19":35,"20":7,"21":2,"22":5,"23":5,"24":10,"25":2,"26":3,"27":28,"28":3,"29":1,"30":2,"31":4,"32":1,"33":1,"34":25,"35":3,"36":1,"37":2,"38":6,"39":1,"40":1,"41":22,"42":3,"43":1,"44":2,"45":0,"46":2,"47":0,"48":2,"49":2,"50":2,"51":2,"52":21,"53":1,"54":1,"55":19,"56":28,"57":19,"58":29,"59":19,"60":1,"61":18,"62":23,"63":0,"64":23,"65":6,"66":12,"67":4,"68":12,"69":4,"70":12,"71":0,"72":12,"73":4,"74":2,"75":2,"76":0,"77":10,"78":1,"79":9},"f":{"0":93,"1":28,"2":29,"3":4,"4":4},"b":{"0":[36],"1":[36,3],"2":[1],"3":[57,56],"4":[1],"5":[1],"6":[55,1],"7":[9],"8":[4],"9":[45,4],"10":[1],"11":[4,2],"12":[3],"13":[41,3],"14":[3],"15":[38,3],"16":[3,2],"17":[7],"18":[35,7],"19":[2],"20":[2],"21":[3],"22":[28,3],"23":[1],"24":[1],"25":[4,4],"26":[3],"27":[25,3],"28":[1],"29":[1],"30":[3],"31":[22,3],"32":[1],"33":[0],"34":[0],"35":[1],"36":[1],"37":[0],"38":[6],"39":[0],"40":[2],"41":[0],"42":[1]}}
,"/mnt/workspace/workspace/decaf/decaf-ts/reflection/src/index.ts": {"path":"/mnt/workspace/workspace/decaf/decaf-ts/reflection/src/index.ts","statementMap":{"0":{"start":{"line":1,"column":0},"end":{"line":1,"column":28}},"1":{"start":{"line":2,"column":0},"end":{"line":2,"column":29}},"2":{"start":{"line":3,"column":0},"end":{"line":3,"column":27}},"3":{"start":{"line":4,"column":0},"end":{"line":4,"column":29}},"4":{"start":{"line":5,"column":0},"end":{"line":5,"column":24}},"5":{"start":{"line":33,"column":13},"end":{"line":33,"column":37}}},"fnMap":{},"branchMap":{},"s":{"0":3,"1":3,"2":3,"3":3,"4":3,"5":3},"f":{},"b":{}}
}
