TN:
SF:src/Reflection.ts
FN:13,(anonymous_0)
FN:25,(anonymous_1)
FN:45,(anonymous_2)
FN:46,(anonymous_3)
FN:57,(anonymous_4)
FN:87,(anonymous_5)
FN:95,(anonymous_6)
FN:104,(anonymous_7)
FN:117,(anonymous_8)
FN:145,(anonymous_9)
FN:184,(anonymous_10)
FN:217,(anonymous_11)
FN:225,(anonymous_12)
FN:236,(anonymous_13)
FN:243,(anonymous_14)
FN:270,(anonymous_15)
FN:272,(anonymous_16)
FNF:17
FNH:16
FNDA:0,(anonymous_0)
FNDA:10,(anonymous_1)
FNDA:4,(anonymous_2)
FNDA:7,(anonymous_3)
FNDA:7,(anonymous_4)
FNDA:2,(anonymous_5)
FNDA:5,(anonymous_6)
FNDA:11,(anonymous_7)
FNDA:1,(anonymous_8)
FNDA:1,(anonymous_9)
FNDA:1,(anonymous_10)
FNDA:27,(anonymous_11)
FNDA:27,(anonymous_12)
FNDA:21,(anonymous_13)
FNDA:19,(anonymous_14)
FNDA:9,(anonymous_15)
FNDA:19,(anonymous_16)
DA:2,3
DA:3,3
DA:12,3
DA:26,10
DA:27,7
DA:28,5
DA:29,1
DA:46,7
DA:61,7
DA:63,2
DA:65,4
DA:66,0
DA:68,1
DA:69,1
DA:70,0
DA:72,0
DA:92,2
DA:93,2
DA:95,2
DA:96,5
DA:97,4
DA:98,4
DA:99,3
DA:100,3
DA:103,2
DA:104,11
DA:107,2
DA:121,1
DA:122,1
DA:124,1
DA:125,2
DA:126,1
DA:133,1
DA:149,1
DA:151,1
DA:152,1
DA:154,1
DA:155,4
DA:156,4
DA:162,4
DA:163,4
DA:164,4
DA:166,4
DA:171,1
DA:189,1
DA:195,1
DA:198,1
DA:199,1
DA:202,1
DA:225,27
DA:233,27
DA:234,27
DA:237,21
DA:238,21
DA:245,19
DA:252,19
DA:255,27
DA:262,27
DA:270,27
DA:271,9
DA:272,9
DA:273,19
DA:274,0
DA:275,0
DA:280,0
DA:283,19
DA:284,19
DA:288,27
DA:289,9
DA:296,18
LF:70
LH:64
BRDA:26,0,0,3
BRDA:27,1,0,2
BRDA:28,2,0,4
BRDA:30,3,0,1
BRDA:30,3,1,1
BRDA:61,4,0,2
BRDA:61,4,1,4
BRDA:61,4,2,1
BRDA:61,4,3,0
BRDA:65,5,0,4
BRDA:68,6,0,1
BRDA:68,7,0,1
BRDA:68,7,1,1
BRDA:89,8,0,0
BRDA:90,9,0,2
BRDA:96,10,0,1
BRDA:98,11,0,1
BRDA:98,12,0,4
BRDA:98,12,1,4
BRDA:125,13,0,1
BRDA:149,14,0,0
BRDA:149,15,0,1
BRDA:149,15,1,1
BRDA:162,16,0,4
BRDA:163,17,0,4
BRDA:171,18,0,1
BRDA:171,18,1,0
BRDA:195,19,0,0
BRDA:195,20,0,1
BRDA:195,20,1,1
BRDA:199,21,0,1
BRDA:199,21,1,0
BRDA:202,22,0,1
BRDA:202,22,1,0
BRDA:221,23,0,4
BRDA:222,24,0,9
BRDA:229,25,0,0
BRDA:237,26,0,0
BRDA:239,27,0,21
BRDA:239,27,1,12
BRDA:247,28,0,10
BRDA:247,28,1,9
BRDA:253,29,0,27
BRDA:253,29,1,9
BRDA:273,30,0,0
BRDA:274,31,0,0
BRDA:288,32,0,9
BRDA:288,33,0,27
BRDA:288,33,1,27
BRF:49
BRH:38
end_of_record
TN:
SF:src/constants.ts
FN:8,(anonymous_0)
FNF:1
FNH:1
FNDA:3,(anonymous_0)
DA:8,3
DA:9,3
LF:2
LH:2
BRDA:8,0,0,3
BRDA:8,0,1,3
BRF:2
BRH:2
end_of_record
TN:
SF:src/decorators.ts
FN:14,metadata
FN:15,(anonymous_1)
FN:44,apply
FN:47,(anonymous_3)
FNF:4
FNH:4
FNDA:4,metadata
FNDA:4,(anonymous_1)
FNDA:3,apply
FNDA:3,(anonymous_3)
DA:1,3
DA:14,3
DA:15,4
DA:20,4
DA:21,2
DA:22,2
DA:23,1
DA:30,1
DA:44,3
DA:47,3
DA:52,3
DA:53,6
DA:54,2
DA:55,2
DA:57,4
LF:15
LH:15
BRDA:20,0,0,2
BRDA:20,0,1,2
BRDA:22,1,0,1
BRDA:22,1,1,1
BRDA:53,2,0,2
BRDA:53,3,0,6
BRDA:53,3,1,2
BRF:7
BRH:7
end_of_record
TN:
SF:src/equality.ts
FN:12,isEqual
FN:91,(anonymous_1)
FN:92,(anonymous_2)
FN:110,(anonymous_3)
FN:113,(anonymous_4)
FNF:5
FNH:5
FNDA:93,isEqual
FNDA:28,(anonymous_1)
FNDA:29,(anonymous_2)
FNDA:4,(anonymous_3)
FNDA:4,(anonymous_4)
DA:12,3
DA:18,93
DA:20,36
DA:22,57
DA:23,56
DA:26,55
DA:29,54
DA:32,45
DA:34,4
DA:35,3
DA:39,41
DA:40,3
DA:43,38
DA:44,3
DA:48,35
DA:49,7
DA:50,5
DA:51,10
DA:53,3
DA:57,28
DA:58,3
DA:59,2
DA:60,4
DA:61,1
DA:63,1
DA:67,25
DA:68,3
DA:69,2
DA:70,6
DA:72,1
DA:76,22
DA:77,3
DA:78,2
DA:79,2
DA:81,2
DA:82,2
DA:84,2
DA:85,21
DA:87,1
DA:91,28
DA:92,29
DA:94,19
DA:96,18
DA:97,23
DA:98,23
DA:105,6
DA:109,12
DA:110,4
DA:112,12
DA:113,4
DA:116,12
DA:118,12
DA:119,4
DA:120,2
DA:127,0
DA:131,10
DA:132,1
DA:135,9
LF:58
LH:57
BRDA:18,0,0,36
BRDA:20,1,0,36
BRDA:20,1,1,3
BRDA:22,2,0,1
BRDA:22,3,0,57
BRDA:22,3,1,56
BRDA:23,4,0,1
BRDA:26,5,0,1
BRDA:26,6,0,55
BRDA:26,6,1,1
BRDA:29,7,0,9
BRDA:32,8,0,4
BRDA:32,9,0,45
BRDA:32,9,1,4
BRDA:34,10,0,1
BRDA:34,11,0,4
BRDA:34,11,1,2
BRDA:39,12,0,3
BRDA:39,13,0,41
BRDA:39,13,1,3
BRDA:43,14,0,3
BRDA:43,15,0,38
BRDA:43,15,1,3
BRDA:44,16,0,3
BRDA:44,16,1,2
BRDA:48,17,0,7
BRDA:48,18,0,35
BRDA:48,18,1,7
BRDA:49,19,0,2
BRDA:51,20,0,2
BRDA:57,21,0,3
BRDA:57,22,0,28
BRDA:57,22,1,3
BRDA:58,23,0,1
BRDA:60,24,0,1
BRDA:60,25,0,4
BRDA:60,25,1,4
BRDA:67,26,0,3
BRDA:67,27,0,25
BRDA:67,27,1,3
BRDA:68,28,0,1
BRDA:70,29,0,1
BRDA:76,30,0,3
BRDA:76,31,0,22
BRDA:76,31,1,3
BRDA:77,32,0,1
BRDA:78,33,0,0
BRDA:79,34,0,0
BRDA:85,35,0,1
BRDA:94,36,0,1
BRDA:97,37,0,0
BRDA:98,38,0,6
BRDA:116,39,0,0
BRDA:119,40,0,2
BRDA:120,41,0,0
BRDA:131,42,0,1
BRF:56
BRH:51
end_of_record
TN:
SF:src/index.ts
FNF:0
FNH:0
DA:1,3
DA:2,3
DA:3,3
DA:4,3
DA:5,3
DA:33,3
LF:6
LH:6
BRF:0
BRH:0
end_of_record
